[2025-11-21 12:07:52.448061] === Auto Git Push Started ===
[2025-11-21 12:07:52.450493] RUN: git add -A
[2025-11-21 12:07:52.657763] STDOUT:

[2025-11-21 12:07:52.658260] STDERR:

[2025-11-21 12:07:52.658751] RUN: git commit -m "Auto: data update"
[2025-11-21 12:07:52.786299] STDOUT:

[2025-11-21 12:07:52.786788] STDERR:
Author identity unknown

*** Please tell me who you are.

Run

  git config --global user.email "you@example.com"
  git config --global user.name "Your Name"

to set your account's default identity.
Omit --global to set the identity only in this repository.

fatal: unable to auto-detect email address (got 'SYSTEM@pick3-worker-05.(none)')

[2025-11-21 12:07:52.788912] RUN: git push
[2025-11-21 12:18:22.915077] === Auto Git Push Started ===
[2025-11-21 12:18:22.917910] RUN: git add -A
[2025-11-21 12:18:23.011432] STDOUT:

[2025-11-21 12:18:23.012313] STDERR:

[2025-11-21 12:18:23.012917] RUN: git commit -m "Auto: data update"
[2025-11-21 12:18:23.165725] STDOUT:
[main f2bcdc0] Auto: data update
 4 files changed, 147 insertions(+), 135 deletions(-)
 create mode 100644 auto_git_push.log

[2025-11-21 12:18:23.166345] STDERR:

[2025-11-21 12:18:23.167339] RUN: git push
[2025-11-21 12:18:24.794624] STDOUT:

[2025-11-21 12:18:24.795278] STDERR:
To https://github.com/Excel2026/nextjs-boilerplate.git
   6f1a9b9..f2bcdc0  main -> main

[2025-11-21 12:18:24.795939] === Auto Git Push Completed ===
[2025-11-21 12:22:35.217997] === Auto Git Push Started ===
[2025-11-21 12:22:35.219582] RUN: git add -A
[2025-11-21 12:22:35.311011] STDOUT:

[2025-11-21 12:22:35.311954] STDERR:

[2025-11-21 12:22:35.312583] RUN: git commit -m "Auto: data update"
[2025-11-21 12:22:35.447950] STDOUT:
[main 00182b7] Auto: data update
 1 file changed, 22 insertions(+)

[2025-11-21 12:22:35.448553] STDERR:

[2025-11-21 12:22:35.449154] RUN: git push
[2025-11-21 12:22:36.894995] STDOUT:

[2025-11-21 12:22:36.895646] STDERR:
To https://github.com/Excel2026/nextjs-boilerplate.git
   f2bcdc0..00182b7  main -> main

[2025-11-21 12:22:36.896446] === Auto Git Push Completed ===
[2025-11-21 12:22:42.418624] === Auto Git Push Started ===
[2025-11-21 12:22:42.420139] RUN: git add -A
